THE METADATA HAVE BEEN SUCCESSFULLY IMPORTED


Import: reading data

Import: checking data integrity

Import: analyzing changes

Import: waiting for connections to close

Import: applying changes to the database

CREATE TABLE "DEMO_CUSTOMERS"
(
"ID" INTEGER PRIMARY KEY,
"DELETED" INTEGER,
"FIRSTNAME" TEXT,
"LASTNAME" TEXT,
"COMPANY" TEXT,
"ADDRESS" TEXT,
"CITY" TEXT,
"STATE" TEXT,
"COUNTRY" TEXT,
"POSTALCODE" TEXT,
"PHONE" TEXT,
"FAX" TEXT,
"EMAIL" TEXT,
"SUPPORT_REP_ID" INTEGER,
"PHOTO" TEXT,
"IS_ACTIVE" INTEGER,
"CREATED_DATE" TEXT)

CREATE TABLE "DEMO_ARTISTS"
(
"ID" INTEGER PRIMARY KEY,
"DELETED" INTEGER,
"NAME" TEXT)

CREATE TABLE "DEMO_ALBUMS"
(
"ID" INTEGER PRIMARY KEY,
"DELETED" INTEGER,
"TITLE" TEXT,
"ARTIST" INTEGER)

CREATE TABLE "DEMO_GENRES"
(
"ID" INTEGER PRIMARY KEY,
"DELETED" INTEGER,
"NAME" TEXT)

CREATE TABLE "DEMO_TRACKS"
(
"ID" INTEGER PRIMARY KEY,
"DELETED" INTEGER,
"NAME" TEXT,
"ALBUM" INTEGER,
"MEDIA_TYPE" INTEGER,
"GENRE" INTEGER,
"COMPOSER" TEXT,
"MILLISECONDS" INTEGER,
"BYTES" INTEGER,
"UNITPRICE" REAL,
"TRACKS_SOLD" INTEGER,
"FILE" TEXT)

CREATE TABLE "DEMO_INVOICES"
(
"ID" INTEGER PRIMARY KEY,
"DELETED" INTEGER,
"CUSTOMER" INTEGER,
"INVOICE_DATE" TEXT,
"SUBTOTAL" REAL,
"TAXRATE" REAL,
"TAX" REAL,
"TOTAL" REAL)

CREATE TABLE "DEMO_INVOICE_TABLE"
(
"ID" INTEGER PRIMARY KEY,
"DELETED" INTEGER,
"MASTER_ID" INTEGER,
"MASTER_REC_ID" INTEGER,
"TRACK" INTEGER,
"QUANTITY" INTEGER,
"UNITPRICE" REAL,
"AMOUNT" REAL,
"TAX" REAL,
"TOTAL" REAL,
"INVOICE_DATE" TEXT,
"CUSTOMER" INTEGER)

CREATE TABLE "DEMO_LOCKS"
(
"ID" INTEGER PRIMARY KEY,
"ITEM_ID" INTEGER,
"ITEM_REC_ID" INTEGER,
"VERSION" INTEGER)

CREATE TABLE "DEMO_HISTORY"
(
"ITEM_ID" INTEGER,
"ITEM_REC_ID" INTEGER,
"OPERATION" INTEGER,
"CHANGES" TEXT,
"USER" TEXT,
"DATE" TEXT)

CREATE TABLE "DEMO_USERS"
(
"ID" INTEGER PRIMARY KEY,
"LOGIN" TEXT,
"PASSWORD" TEXT,
"PASSWORD_HASH" TEXT,
"ROLE" INTEGER)

CREATE  INDEX "DEMO_INVOICE_TABLE_IDX" ON "DEMO_INVOICE_TABLE" ("MASTER_ID" , "MASTER_REC_ID" )
CREATE  INDEX "DEMO_INVOICES_IDX" ON "DEMO_INVOICES" ("INVOICE_DATE" DESC)
CREATE  INDEX "DEMO_LOCKS_IDX" ON "DEMO_LOCKS" ("ITEM_ID" , "ITEM_REC_ID" )
CREATE  INDEX "DEMO_HISTORY_IDX" ON "DEMO_HISTORY" ("ITEM_ID" , "ITEM_REC_ID" )
Import: applying changes to admin.sqlite

Import: copying files
